0 verbose cli /usr/local/bin/node /usr/local/bin/npm
1 info using npm@8.19.4
2 info using node@v16.20.2
3 timing npm:load:whichnode Completed in 0ms
4 timing config:load:defaults Completed in 1ms
5 timing config:load:file:/usr/local/lib/node_modules/npm/npmrc Completed in 1ms
6 timing config:load:builtin Completed in 1ms
7 warn config production Use `--omit=dev` instead.
8 timing config:load:cli Completed in 1ms
9 timing config:load:env Completed in 0ms
10 timing config:load:file:/data/.npmrc Completed in 1ms
11 timing config:load:project Completed in 2ms
12 timing config:load:file:/usr/src/node-red/.npmrc Completed in 0ms
13 timing config:load:user Completed in 0ms
14 timing config:load:file:/usr/local/etc/npmrc Completed in 1ms
15 timing config:load:global Completed in 1ms
16 timing config:load:validate Completed in 0ms
17 timing config:load:credentials Completed in 0ms
18 timing config:load:setEnvs Completed in 1ms
19 timing config:load Completed in 7ms
20 timing npm:load:configload Completed in 7ms
21 timing npm:load:mkdirpcache Completed in 2ms
22 timing npm:load:mkdirplogs Completed in 0ms
23 verbose title npm install @bitpoolos/edge-mqtt-observer@1.0.3
24 verbose argv "install" "--no-audit" "--no-update-notifier" "--no-fund" "--save" "--save-prefix" "~" "--production" "--engine-strict" "@bitpoolos/edge-mqtt-observer@1.0.3"
25 timing npm:load:setTitle Completed in 1ms
26 timing config:load:flatten Completed in 1ms
27 timing npm:load:display Completed in 1ms
28 verbose logfile logs-max:10 dir:/data/.npm/_logs
29 verbose logfile /data/.npm/_logs/2025-07-16T02_08_38_493Z-debug-0.log
30 timing npm:load:logFile Completed in 7ms
31 timing npm:load:timers Completed in 0ms
32 timing npm:load:configScope Completed in 0ms
33 timing npm:load Completed in 20ms
34 timing arborist:ctor Completed in 0ms
35 silly logfile done cleaning log files
36 timing arborist:ctor Completed in 0ms
37 timing idealTree:init Completed in 6ms
38 timing idealTree:userRequests Completed in 2ms
39 silly idealTree buildDeps
40 silly fetch manifest @bitpoolos/edge-mqtt-observer@1.0.3
41 http fetch GET 200 https://registry.npmjs.org/@bitpoolos%2fedge-mqtt-observer 2445ms (cache miss)
42 silly placeDep ROOT @bitpoolos/edge-mqtt-observer@1.0.3 OK for: node-red-project@0.0.1 want: 1.0.3
43 silly fetch manifest express@^5.1.0
44 silly fetch manifest socket.io@^4.7.2
45 http fetch GET 200 https://registry.npmjs.org/express 124ms (cache miss)
46 http fetch GET 200 https://registry.npmjs.org/socket.io 298ms (cache miss)
47 timing idealTree:#root Completed in 2757ms
48 silly placeDep ROOT express@5.1.0 OK for: @bitpoolos/edge-mqtt-observer@1.0.3 want: ^5.1.0
49 silly placeDep ROOT socket.io@4.8.1 OK for: @bitpoolos/edge-mqtt-observer@1.0.3 want: ^4.7.2
50 silly fetch manifest qs@^6.14.0
51 silly fetch manifest etag@^1.8.1
52 silly fetch manifest once@^1.4.0
53 silly fetch manifest send@^1.1.0
54 silly fetch manifest vary@^1.1.2
55 silly fetch manifest debug@^4.4.0
56 silly fetch manifest fresh@^2.0.0
57 silly fetch manifest cookie@^0.7.1
58 silly fetch manifest router@^2.2.0
59 silly fetch manifest accepts@^2.0.0
60 silly fetch manifest type-is@^2.0.1
61 silly fetch manifest parseurl@^1.3.3
62 silly fetch manifest statuses@^2.0.1
63 silly fetch manifest encodeurl@^2.0.0
64 silly fetch manifest mime-types@^3.0.0
65 silly fetch manifest proxy-addr@^2.0.7
66 silly fetch manifest body-parser@^2.2.0
67 silly fetch manifest escape-html@^1.0.3
68 silly fetch manifest http-errors@^2.0.0
69 silly fetch manifest on-finished@^2.4.1
70 silly fetch manifest content-type@^1.0.5
71 silly fetch manifest finalhandler@^2.1.0
72 silly fetch manifest range-parser@^1.2.1
73 silly fetch manifest serve-static@^2.2.0
74 silly fetch manifest cookie-signature@^1.2.1
75 silly fetch manifest merge-descriptors@^2.0.0
76 silly fetch manifest content-disposition@^1.0.0
77 silly fetch manifest cors@~2.8.5
78 silly fetch manifest debug@~4.3.2
79 silly fetch manifest accepts@~1.3.4
80 silly fetch manifest base64id@~2.0.0
81 silly fetch manifest engine.io@~6.6.0
82 silly fetch manifest socket.io-parser@~4.2.4
83 silly fetch manifest socket.io-adapter@~2.5.2
84 http fetch GET 200 https://registry.npmjs.org/etag 172ms (cache miss)
85 http fetch GET 200 https://registry.npmjs.org/qs 173ms (cache miss)
86 http fetch GET 200 https://registry.npmjs.org/proxy-addr 250ms (cache miss)
87 http fetch GET 200 https://registry.npmjs.org/once 299ms (cache miss)
88 http fetch GET 200 https://registry.npmjs.org/body-parser 294ms (cache miss)
89 http fetch GET 200 https://registry.npmjs.org/vary 305ms (cache miss)
90 http fetch GET 200 https://registry.npmjs.org/accepts 304ms (cache miss)
91 http fetch GET 200 https://registry.npmjs.org/type-is 309ms (cache miss)
92 http fetch GET 200 https://registry.npmjs.org/cookie 313ms (cache miss)
93 http fetch GET 200 https://registry.npmjs.org/mime-types 317ms (cache miss)
94 http fetch GET 200 https://registry.npmjs.org/parseurl 319ms (cache miss)
95 http fetch GET 200 https://registry.npmjs.org/send 324ms (cache miss)
96 http fetch GET 200 https://registry.npmjs.org/router 322ms (cache miss)
97 http fetch GET 200 https://registry.npmjs.org/fresh 324ms (cache miss)
98 http fetch GET 200 https://registry.npmjs.org/statuses 323ms (cache miss)
99 http fetch GET 200 https://registry.npmjs.org/escape-html 320ms (cache miss)
100 http fetch GET 200 https://registry.npmjs.org/debug 354ms (cache miss)
101 http fetch GET 200 https://registry.npmjs.org/encodeurl 366ms (cache miss)
102 http fetch GET 200 https://registry.npmjs.org/merge-descriptors 357ms (cache miss)
103 http fetch GET 200 https://registry.npmjs.org/on-finished 368ms (cache miss)
104 http fetch GET 200 https://registry.npmjs.org/range-parser 369ms (cache miss)
105 http fetch GET 200 https://registry.npmjs.org/http-errors 378ms (cache miss)
106 http fetch GET 200 https://registry.npmjs.org/finalhandler 379ms (cache miss)
107 http fetch GET 200 https://registry.npmjs.org/debug 385ms (cache miss)
108 http fetch GET 200 https://registry.npmjs.org/content-type 403ms (cache miss)
109 http fetch GET 200 https://registry.npmjs.org/content-disposition 397ms (cache miss)
110 http fetch GET 200 https://registry.npmjs.org/accepts 395ms (cache miss)
111 http fetch GET 200 https://registry.npmjs.org/cors 399ms (cache miss)
112 http fetch GET 200 https://registry.npmjs.org/serve-static 406ms (cache miss)
113 http fetch GET 200 https://registry.npmjs.org/base64id 402ms (cache miss)
114 http fetch GET 200 https://registry.npmjs.org/socket.io-parser 415ms (cache miss)
115 http fetch GET 200 https://registry.npmjs.org/engine.io 438ms (cache miss)
116 http fetch GET 200 https://registry.npmjs.org/cookie-signature 450ms (cache miss)
117 http fetch GET 200 https://registry.npmjs.org/socket.io-adapter 460ms (cache miss)
118 timing idealTree:node_modules/@bitpoolos/edge-mqtt-observer Completed in 494ms
119 silly placeDep ROOT accepts@2.0.0 OK for: express@5.1.0 want: ^2.0.0
120 silly placeDep ROOT body-parser@2.2.0 OK for: express@5.1.0 want: ^2.2.0
121 silly placeDep ROOT content-disposition@1.0.0 OK for: express@5.1.0 want: ^1.0.0
122 silly placeDep ROOT content-type@1.0.5 OK for: express@5.1.0 want: ^1.0.5
123 silly placeDep ROOT cookie@0.7.2 OK for: express@5.1.0 want: ^0.7.1
124 silly placeDep ROOT cookie-signature@1.2.2 OK for: express@5.1.0 want: ^1.2.1
125 silly placeDep ROOT debug@4.4.1 OK for: express@5.1.0 want: ^4.4.0
126 silly placeDep ROOT encodeurl@2.0.0 OK for: express@5.1.0 want: ^2.0.0
127 silly placeDep ROOT escape-html@1.0.3 OK for: express@5.1.0 want: ^1.0.3
128 silly placeDep ROOT etag@1.8.1 OK for: express@5.1.0 want: ^1.8.1
129 silly placeDep ROOT finalhandler@2.1.0 OK for: express@5.1.0 want: ^2.1.0
130 silly placeDep ROOT fresh@2.0.0 OK for: express@5.1.0 want: ^2.0.0
131 silly placeDep ROOT http-errors@2.0.0 OK for: express@5.1.0 want: ^2.0.0
132 silly placeDep ROOT merge-descriptors@2.0.0 OK for: express@5.1.0 want: ^2.0.0
133 silly placeDep ROOT mime-types@3.0.1 OK for: express@5.1.0 want: ^3.0.0
134 silly placeDep ROOT on-finished@2.4.1 OK for: express@5.1.0 want: ^2.4.1
135 silly placeDep ROOT once@1.4.0 OK for: express@5.1.0 want: ^1.4.0
136 silly placeDep ROOT parseurl@1.3.3 OK for: express@5.1.0 want: ^1.3.3
137 silly placeDep ROOT proxy-addr@2.0.7 OK for: express@5.1.0 want: ^2.0.7
138 silly placeDep ROOT qs@6.14.0 OK for: express@5.1.0 want: ^6.14.0
139 silly placeDep ROOT range-parser@1.2.1 OK for: express@5.1.0 want: ^1.2.1
140 silly placeDep ROOT router@2.2.0 OK for: express@5.1.0 want: ^2.2.0
141 silly placeDep ROOT send@1.2.0 OK for: express@5.1.0 want: ^1.1.0
142 silly placeDep ROOT serve-static@2.2.0 OK for: express@5.1.0 want: ^2.2.0
143 silly placeDep ROOT statuses@2.0.2 OK for: express@5.1.0 want: ^2.0.1
144 silly placeDep ROOT type-is@2.0.1 OK for: express@5.1.0 want: ^2.0.1
145 silly placeDep ROOT vary@1.1.2 OK for: express@5.1.0 want: ^1.1.2
146 silly fetch manifest negotiator@^1.0.0
147 silly fetch manifest bytes@^3.1.2
148 silly fetch manifest iconv-lite@^0.6.3
149 silly fetch manifest raw-body@^3.0.0
150 silly fetch manifest safe-buffer@5.2.1
151 silly fetch manifest ms@^2.1.3
152 silly fetch manifest depd@2.0.0
153 silly fetch manifest inherits@2.0.4
154 silly fetch manifest statuses@2.0.1
155 silly fetch manifest toidentifier@1.0.1
156 silly fetch manifest setprototypeof@1.2.0
157 silly fetch manifest mime-db@^1.54.0
158 silly fetch manifest ee-first@1.1.1
159 silly fetch manifest wrappy@1
160 silly fetch manifest forwarded@0.2.0
161 silly fetch manifest ipaddr.js@1.9.1
162 silly fetch manifest side-channel@^1.1.0
163 silly fetch manifest depd@^2.0.0
164 silly fetch manifest is-promise@^4.0.0
165 silly fetch manifest path-to-regexp@^8.0.0
166 silly fetch manifest media-typer@^1.1.0
167 http fetch GET 200 https://registry.npmjs.org/bytes 114ms (cache miss)
168 http fetch GET 200 https://registry.npmjs.org/raw-body 122ms (cache miss)
169 http fetch GET 200 https://registry.npmjs.org/safe-buffer 122ms (cache miss)
170 http fetch GET 200 https://registry.npmjs.org/iconv-lite 129ms (cache miss)
171 http fetch GET 200 https://registry.npmjs.org/setprototypeof 127ms (cache miss)
172 http fetch GET 200 https://registry.npmjs.org/inherits 129ms (cache miss)
173 http fetch GET 200 https://registry.npmjs.org/ee-first 127ms (cache miss)
174 http fetch GET 200 https://registry.npmjs.org/toidentifier 130ms (cache miss)
175 http fetch GET 200 https://registry.npmjs.org/negotiator 135ms (cache miss)
176 http fetch GET 200 https://registry.npmjs.org/ms 133ms (cache miss)
177 http fetch GET 200 https://registry.npmjs.org/depd 135ms (cache miss)
178 http fetch GET 200 https://registry.npmjs.org/ipaddr.js 132ms (cache miss)
179 http fetch GET 200 https://registry.npmjs.org/mime-db 137ms (cache miss)
180 http fetch GET 200 https://registry.npmjs.org/forwarded 136ms (cache miss)
181 http fetch GET 200 https://registry.npmjs.org/wrappy 142ms (cache miss)
182 http fetch GET 200 https://registry.npmjs.org/side-channel 156ms (cache miss)
183 http fetch GET 200 https://registry.npmjs.org/media-typer 159ms (cache miss)
184 http fetch GET 200 https://registry.npmjs.org/depd 173ms (cache miss)
185 http fetch GET 200 https://registry.npmjs.org/is-promise 174ms (cache miss)
186 http fetch GET 200 https://registry.npmjs.org/path-to-regexp 201ms (cache miss)
187 timing idealTree:node_modules/express Completed in 234ms
188 silly placeDep ROOT negotiator@1.0.0 OK for: accepts@2.0.0 want: ^1.0.0
189 timing idealTree:node_modules/accepts Completed in 0ms
190 silly placeDep ROOT bytes@3.1.2 OK for: body-parser@2.2.0 want: ^3.1.2
191 silly placeDep ROOT iconv-lite@0.6.3 OK for: body-parser@2.2.0 want: ^0.6.3
192 silly placeDep ROOT raw-body@3.0.0 OK for: body-parser@2.2.0 want: ^3.0.0
193 silly fetch manifest safer-buffer@>= 2.1.2 < 3.0.0
194 silly fetch manifest unpipe@1.0.0
195 http fetch GET 200 https://registry.npmjs.org/unpipe 66ms (cache miss)
196 http fetch GET 200 https://registry.npmjs.org/safer-buffer 80ms (cache miss)
197 timing idealTree:node_modules/body-parser Completed in 82ms
198 timing idealTree:node_modules/bytes Completed in 0ms
199 silly placeDep ROOT safe-buffer@5.2.1 OK for: content-disposition@1.0.0 want: 5.2.1
200 timing idealTree:node_modules/content-disposition Completed in 0ms
201 timing idealTree:node_modules/content-type Completed in 0ms
202 timing idealTree:node_modules/cookie Completed in 0ms
203 timing idealTree:node_modules/cookie-signature Completed in 0ms
204 silly placeDep ROOT ms@2.1.3 OK for: debug@4.4.1 want: ^2.1.3
205 timing idealTree:node_modules/debug Completed in 0ms
206 timing idealTree:node_modules/encodeurl Completed in 0ms
207 timing idealTree:node_modules/escape-html Completed in 0ms
208 timing idealTree:node_modules/etag Completed in 0ms
209 timing idealTree:node_modules/finalhandler Completed in 1ms
210 timing idealTree:node_modules/fresh Completed in 0ms
211 silly placeDep ROOT depd@2.0.0 OK for: http-errors@2.0.0 want: 2.0.0
212 silly placeDep ROOT inherits@2.0.4 OK for: http-errors@2.0.0 want: 2.0.4
213 silly placeDep ROOT setprototypeof@1.2.0 OK for: http-errors@2.0.0 want: 1.2.0
214 silly placeDep node_modules/http-errors statuses@2.0.1 OK for: http-errors@2.0.0 want: 2.0.1
215 silly placeDep ROOT toidentifier@1.0.1 OK for: http-errors@2.0.0 want: 1.0.1
216 timing idealTree:node_modules/http-errors Completed in 2ms
217 timing idealTree:node_modules/depd Completed in 0ms
218 silly placeDep ROOT safer-buffer@2.1.2 OK for: iconv-lite@0.6.3 want: >= 2.1.2 < 3.0.0
219 timing idealTree:node_modules/iconv-lite Completed in 1ms
220 timing idealTree:node_modules/inherits Completed in 0ms
221 timing idealTree:node_modules/merge-descriptors Completed in 0ms
222 silly placeDep ROOT mime-db@1.54.0 OK for: mime-types@3.0.1 want: ^1.54.0
223 timing idealTree:node_modules/mime-types Completed in 0ms
224 timing idealTree:node_modules/mime-db Completed in 0ms
225 timing idealTree:node_modules/ms Completed in 0ms
226 timing idealTree:node_modules/negotiator Completed in 0ms
227 silly placeDep ROOT ee-first@1.1.1 OK for: on-finished@2.4.1 want: 1.1.1
228 timing idealTree:node_modules/on-finished Completed in 0ms
229 timing idealTree:node_modules/ee-first Completed in 0ms
230 silly placeDep ROOT wrappy@1.0.2 OK for: once@1.4.0 want: 1
231 timing idealTree:node_modules/once Completed in 1ms
232 timing idealTree:node_modules/parseurl Completed in 0ms
233 silly placeDep ROOT forwarded@0.2.0 OK for: proxy-addr@2.0.7 want: 0.2.0
234 silly placeDep ROOT ipaddr.js@1.9.1 OK for: proxy-addr@2.0.7 want: 1.9.1
235 timing idealTree:node_modules/proxy-addr Completed in 1ms
236 timing idealTree:node_modules/forwarded Completed in 0ms
237 timing idealTree:node_modules/ipaddr.js Completed in 0ms
238 silly placeDep ROOT side-channel@1.1.0 OK for: qs@6.14.0 want: ^1.1.0
239 silly fetch manifest es-errors@^1.3.0
240 silly fetch manifest object-inspect@^1.13.3
241 silly fetch manifest side-channel-list@^1.0.0
242 silly fetch manifest side-channel-map@^1.0.1
243 silly fetch manifest side-channel-weakmap@^1.0.2
244 http fetch GET 200 https://registry.npmjs.org/side-channel-list 114ms (cache miss)
245 http fetch GET 200 https://registry.npmjs.org/es-errors 116ms (cache miss)
246 http fetch GET 200 https://registry.npmjs.org/side-channel-weakmap 115ms (cache miss)
247 http fetch GET 200 https://registry.npmjs.org/side-channel-map 116ms (cache miss)
248 http fetch GET 200 https://registry.npmjs.org/object-inspect 118ms (cache miss)
249 timing idealTree:node_modules/qs Completed in 120ms
250 timing idealTree:node_modules/range-parser Completed in 0ms
251 silly placeDep ROOT unpipe@1.0.0 OK for: raw-body@3.0.0 want: 1.0.0
252 timing idealTree:node_modules/raw-body Completed in 1ms
253 silly placeDep ROOT is-promise@4.0.0 OK for: router@2.2.0 want: ^4.0.0
254 silly placeDep ROOT path-to-regexp@8.2.0 OK for: router@2.2.0 want: ^8.0.0
255 timing idealTree:node_modules/router Completed in 1ms
256 timing idealTree:node_modules/is-promise Completed in 0ms
257 timing idealTree:node_modules/path-to-regexp Completed in 0ms
258 timing idealTree:node_modules/safe-buffer Completed in 0ms
259 timing idealTree:node_modules/safer-buffer Completed in 0ms
260 timing idealTree:node_modules/send Completed in 0ms
261 timing idealTree:node_modules/serve-static Completed in 0ms
262 timing idealTree:node_modules/setprototypeof Completed in 0ms
263 silly placeDep ROOT es-errors@1.3.0 OK for: side-channel@1.1.0 want: ^1.3.0
264 silly placeDep ROOT object-inspect@1.13.4 OK for: side-channel@1.1.0 want: ^1.13.3
265 silly placeDep ROOT side-channel-list@1.0.0 OK for: side-channel@1.1.0 want: ^1.0.0
266 silly placeDep ROOT side-channel-map@1.0.1 OK for: side-channel@1.1.0 want: ^1.0.1
267 silly placeDep ROOT side-channel-weakmap@1.0.2 OK for: side-channel@1.1.0 want: ^1.0.2
268 silly fetch manifest call-bound@^1.0.2
269 silly fetch manifest get-intrinsic@^1.2.5
270 http fetch GET 200 https://registry.npmjs.org/get-intrinsic 113ms (cache miss)
271 http fetch GET 200 https://registry.npmjs.org/call-bound 114ms (cache miss)
272 timing idealTree:node_modules/side-channel Completed in 119ms
273 timing idealTree:node_modules/es-errors Completed in 0ms
274 timing idealTree:node_modules/object-inspect Completed in 0ms
275 timing idealTree:node_modules/side-channel-list Completed in 0ms
276 silly placeDep ROOT call-bound@1.0.4 OK for: side-channel-map@1.0.1 want: ^1.0.2
277 silly placeDep ROOT get-intrinsic@1.3.0 OK for: side-channel-map@1.0.1 want: ^1.2.5
278 silly fetch manifest call-bind-apply-helpers@^1.0.2
279 silly fetch manifest es-define-property@^1.0.1
280 silly fetch manifest es-object-atoms@^1.1.1
281 silly fetch manifest function-bind@^1.1.2
282 silly fetch manifest get-proto@^1.0.1
283 silly fetch manifest gopd@^1.2.0
284 silly fetch manifest has-symbols@^1.1.0
285 silly fetch manifest hasown@^2.0.2
286 silly fetch manifest math-intrinsics@^1.1.0
287 http fetch GET 200 https://registry.npmjs.org/call-bind-apply-helpers 84ms (cache miss)
288 http fetch GET 200 https://registry.npmjs.org/es-define-property 93ms (cache miss)
289 http fetch GET 200 https://registry.npmjs.org/gopd 94ms (cache miss)
290 http fetch GET 200 https://registry.npmjs.org/get-proto 108ms (cache miss)
291 http fetch GET 200 https://registry.npmjs.org/function-bind 110ms (cache miss)
292 http fetch GET 200 https://registry.npmjs.org/es-object-atoms 111ms (cache miss)
293 http fetch GET 200 https://registry.npmjs.org/hasown 108ms (cache miss)
294 http fetch GET 200 https://registry.npmjs.org/math-intrinsics 124ms (cache miss)
295 http fetch GET 200 https://registry.npmjs.org/has-symbols 129ms (cache miss)
296 timing idealTree:node_modules/side-channel-map Completed in 136ms
297 silly placeDep ROOT call-bind-apply-helpers@1.0.2 OK for: call-bound@1.0.4 want: ^1.0.2
298 timing idealTree:node_modules/call-bound Completed in 1ms
299 silly placeDep ROOT function-bind@1.1.2 OK for: call-bind-apply-helpers@1.0.2 want: ^1.1.2
300 timing idealTree:node_modules/call-bind-apply-helpers Completed in 1ms
301 timing idealTree:node_modules/function-bind Completed in 0ms
302 silly placeDep ROOT es-define-property@1.0.1 OK for: get-intrinsic@1.3.0 want: ^1.0.1
303 silly placeDep ROOT es-object-atoms@1.1.1 OK for: get-intrinsic@1.3.0 want: ^1.1.1
304 silly placeDep ROOT get-proto@1.0.1 OK for: get-intrinsic@1.3.0 want: ^1.0.1
305 silly placeDep ROOT gopd@1.2.0 OK for: get-intrinsic@1.3.0 want: ^1.2.0
306 silly placeDep ROOT has-symbols@1.1.0 OK for: get-intrinsic@1.3.0 want: ^1.1.0
307 silly placeDep ROOT hasown@2.0.2 OK for: get-intrinsic@1.3.0 want: ^2.0.2
308 silly placeDep ROOT math-intrinsics@1.1.0 OK for: get-intrinsic@1.3.0 want: ^1.1.0
309 silly fetch manifest dunder-proto@^1.0.1
310 http fetch GET 200 https://registry.npmjs.org/dunder-proto 122ms (cache miss)
311 timing idealTree:node_modules/get-intrinsic Completed in 127ms
312 timing idealTree:node_modules/es-define-property Completed in 0ms
313 timing idealTree:node_modules/es-object-atoms Completed in 0ms
314 silly placeDep ROOT dunder-proto@1.0.1 OK for: get-proto@1.0.1 want: ^1.0.1
315 timing idealTree:node_modules/get-proto Completed in 1ms
316 timing idealTree:node_modules/dunder-proto Completed in 0ms
317 timing idealTree:node_modules/gopd Completed in 0ms
318 timing idealTree:node_modules/has-symbols Completed in 0ms
319 timing idealTree:node_modules/hasown Completed in 0ms
320 timing idealTree:node_modules/math-intrinsics Completed in 0ms
321 timing idealTree:node_modules/side-channel-weakmap Completed in 0ms
322 silly placeDep node_modules/socket.io accepts@1.3.8 OK for: socket.io@4.8.1 want: ~1.3.4
323 silly placeDep ROOT base64id@2.0.0 OK for: socket.io@4.8.1 want: ~2.0.0
324 silly placeDep ROOT cors@2.8.5 OK for: socket.io@4.8.1 want: ~2.8.5
325 silly placeDep node_modules/socket.io debug@4.3.7 OK for: socket.io@4.8.1 want: ~4.3.2
326 silly placeDep ROOT engine.io@6.6.4 OK for: socket.io@4.8.1 want: ~6.6.0
327 silly placeDep ROOT socket.io-adapter@2.5.5 OK for: socket.io@4.8.1 want: ~2.5.2
328 silly placeDep ROOT socket.io-parser@4.2.4 OK for: socket.io@4.8.1 want: ~4.2.4
329 silly fetch manifest mime-types@~2.1.34
330 silly fetch manifest negotiator@0.6.3
331 silly fetch manifest object-assign@^4
332 silly fetch manifest @types/cors@^2.8.12
333 silly fetch manifest @types/node@>=10.0.0
334 silly fetch manifest debug@~4.3.1
335 silly fetch manifest engine.io-parser@~5.2.1
336 silly fetch manifest ws@~8.17.1
337 silly fetch manifest debug@~4.3.4
338 silly fetch manifest @socket.io/component-emitter@~3.1.0
339 http fetch GET 200 https://registry.npmjs.org/object-assign 88ms (cache miss)
340 http fetch GET 200 https://registry.npmjs.org/ws 144ms (cache miss)
341 http fetch GET 200 https://registry.npmjs.org/@types%2fcors 150ms (cache miss)
342 http fetch GET 200 https://registry.npmjs.org/engine.io-parser 224ms (cache miss)
343 http fetch GET 200 https://registry.npmjs.org/@socket.io%2fcomponent-emitter 230ms (cache miss)
344 http fetch GET 200 https://registry.npmjs.org/@types%2fnode 437ms (cache miss)
345 timing idealTree:node_modules/socket.io Completed in 460ms
346 timing idealTree:node_modules/base64id Completed in 0ms
347 silly placeDep ROOT object-assign@4.1.1 OK for: cors@2.8.5 want: ^4
348 timing idealTree:node_modules/cors Completed in 2ms
349 silly fetch manifest bufferutil@^4.0.1
350 http fetch GET 200 https://registry.npmjs.org/bufferutil 105ms (cache miss)
351 silly fetch manifest utf-8-validate@>=5.0.2
352 http fetch GET 200 https://registry.npmjs.org/utf-8-validate 129ms (cache miss)
353 silly placeDep ROOT @types/cors@2.8.19 OK for: engine.io@6.6.4 want: ^2.8.12
354 silly placeDep ROOT @types/node@24.0.14 OK for: engine.io@6.6.4 want: >=10.0.0
355 silly placeDep node_modules/engine.io accepts@1.3.8 OK for: engine.io@6.6.4 want: ~1.3.4
356 silly placeDep node_modules/engine.io debug@4.3.7 OK for: engine.io@6.6.4 want: ~4.3.1
357 silly placeDep ROOT engine.io-parser@5.2.3 OK for: engine.io@6.6.4 want: ~5.2.1
358 silly placeDep ROOT ws@8.17.1 OK for: engine.io@6.6.4 want: ~8.17.1
359 silly fetch manifest undici-types@~7.8.0
360 http fetch GET 200 https://registry.npmjs.org/undici-types 129ms (cache miss)
361 timing idealTree:node_modules/engine.io Completed in 386ms
362 timing idealTree:node_modules/@types/cors Completed in 0ms
363 silly placeDep ROOT undici-types@7.8.0 OK for: @types/node@24.0.14 want: ~7.8.0
364 timing idealTree:node_modules/@types/node Completed in 2ms
365 timing idealTree:node_modules/engine.io-parser Completed in 0ms
366 timing idealTree:node_modules/object-assign Completed in 0ms
367 silly placeDep node_modules/socket.io-adapter debug@4.3.7 OK for: socket.io-adapter@2.5.5 want: ~4.3.4
368 timing idealTree:node_modules/socket.io-adapter Completed in 1ms
369 silly placeDep ROOT @socket.io/component-emitter@3.1.2 OK for: socket.io-parser@4.2.4 want: ~3.1.0
370 silly placeDep node_modules/socket.io-parser debug@4.3.7 OK for: socket.io-parser@4.2.4 want: ~4.3.1
371 timing idealTree:node_modules/socket.io-parser Completed in 3ms
372 timing idealTree:node_modules/@socket.io/component-emitter Completed in 0ms
373 timing idealTree:node_modules/statuses Completed in 0ms
374 timing idealTree:node_modules/toidentifier Completed in 0ms
375 silly placeDep ROOT media-typer@1.1.0 OK for: type-is@2.0.1 want: ^1.1.0
376 timing idealTree:node_modules/type-is Completed in 1ms
377 timing idealTree:node_modules/media-typer Completed in 0ms
378 timing idealTree:node_modules/undici-types Completed in 0ms
379 timing idealTree:node_modules/unpipe Completed in 0ms
380 timing idealTree:node_modules/vary Completed in 0ms
381 timing idealTree:node_modules/wrappy Completed in 0ms
382 timing idealTree:node_modules/ws Completed in 0ms
383 silly placeDep node_modules/engine.io mime-types@2.1.35 OK for: accepts@1.3.8 want: ~2.1.34
384 silly placeDep node_modules/engine.io negotiator@0.6.3 OK for: accepts@1.3.8 want: 0.6.3
385 silly fetch manifest mime-db@1.52.0
386 timing idealTree:node_modules/engine.io/node_modules/accepts Completed in 3ms
387 timing idealTree:node_modules/engine.io/node_modules/debug Completed in 0ms
388 silly placeDep node_modules/engine.io mime-db@1.52.0 OK for: mime-types@2.1.35 want: 1.52.0
389 timing idealTree:node_modules/engine.io/node_modules/mime-types Completed in 1ms
390 timing idealTree:node_modules/engine.io/node_modules/mime-db Completed in 0ms
391 timing idealTree:node_modules/engine.io/node_modules/negotiator Completed in 0ms
392 timing idealTree:node_modules/http-errors/node_modules/statuses Completed in 0ms
393 timing idealTree:node_modules/socket.io-adapter/node_modules/debug Completed in 0ms
394 timing idealTree:node_modules/socket.io-parser/node_modules/debug Completed in 0ms
395 silly placeDep node_modules/socket.io mime-types@2.1.35 OK for: accepts@1.3.8 want: ~2.1.34
396 silly placeDep node_modules/socket.io negotiator@0.6.3 OK for: accepts@1.3.8 want: 0.6.3
397 timing idealTree:node_modules/socket.io/node_modules/accepts Completed in 2ms
398 timing idealTree:node_modules/socket.io/node_modules/debug Completed in 0ms
399 silly placeDep node_modules/socket.io mime-db@1.52.0 OK for: mime-types@2.1.35 want: 1.52.0
400 timing idealTree:node_modules/socket.io/node_modules/mime-types Completed in 1ms
401 timing idealTree:node_modules/socket.io/node_modules/mime-db Completed in 0ms
402 timing idealTree:node_modules/socket.io/node_modules/negotiator Completed in 0ms
403 timing idealTree:buildDeps Completed in 4959ms
404 timing idealTree:fixDepFlags Completed in 2ms
405 timing idealTree Completed in 4970ms
406 timing command:install Completed in 4972ms
407 verbose stack Error: Unsupported engine
407 verbose stack     at checkEngine (/usr/local/lib/node_modules/npm/node_modules/npm-install-checks/lib/index.js:14:25)
407 verbose stack     at Arborist.[checkEngineAndPlatform] (/usr/local/lib/node_modules/npm/node_modules/@npmcli/arborist/lib/arborist/build-ideal-tree.js:228:11)
407 verbose stack     at Arborist.buildIdealTree (/usr/local/lib/node_modules/npm/node_modules/@npmcli/arborist/lib/arborist/build-ideal-tree.js:214:42)
407 verbose stack     at async Promise.all (index 1)
407 verbose stack     at async Arborist.reify (/usr/local/lib/node_modules/npm/node_modules/@npmcli/arborist/lib/arborist/reify.js:154:5)
407 verbose stack     at async Install.exec (/usr/local/lib/node_modules/npm/lib/commands/install.js:145:5)
407 verbose stack     at async module.exports (/usr/local/lib/node_modules/npm/lib/cli.js:78:5)
408 verbose pkgid express@5.1.0
409 verbose cwd /data
410 verbose Linux 6.6.12-linuxkit
411 verbose node v16.20.2
412 verbose npm  v8.19.4
413 error code EBADENGINE
414 error engine Unsupported engine
415 error engine Not compatible with your version of node/npm: express@5.1.0
416 error notsup Not compatible with your version of node/npm: express@5.1.0
416 error notsup Required: {"node":">= 18"}
416 error notsup Actual:   {"npm":"8.19.4","node":"v16.20.2"}
417 verbose exit 1
418 timing npm Completed in 5057ms
419 verbose unfinished npm timer reify 1752631718572
420 verbose unfinished npm timer reify:loadTrees 1752631718573
421 verbose code 1
422 error A complete log of this run can be found in:
422 error     /data/.npm/_logs/2025-07-16T02_08_38_493Z-debug-0.log
